<?xml version="1.0" encoding="UTF-8"?>
<!-- Generated by org.testng.reporters.JUnitReportReporter -->
<testsuite skipped="0" hostname="san3149591" name="com.TestNGAnnotations.TestCasesWithPriority" tests="4" failures="0" timestamp="05 Apr 2019 11:27:17 GMT" time="0.026" errors="0">
  <testcase name="Test3" time="0.008" classname="com.TestNGAnnotations.TestCasesWithPriority"/>
  <testcase name="Test1" time="0.010" classname="com.TestNGAnnotations.TestCasesWithPriority"/>
  <testcase name="Test2" time="0.006" classname="com.TestNGAnnotations.TestCasesWithPriority"/>
  <testcase name="Test4" time="0.002" classname="com.TestNGAnnotations.TestCasesWithPriority"/>
</testsuite> <!-- com.TestNGAnnotations.TestCasesWithPriority -->
