<?xml version="1.0" encoding="UTF-8"?>
<!-- Generated by org.testng.reporters.JUnitReportReporter -->
<testsuite skipped="0" hostname="san3149591" name="com.TestNGAnnotations.ParameterisationTestCases" tests="1" failures="0" timestamp="06 Apr 2019 11:37:33 GMT" time="0.007" errors="0">
  <testcase name="Test1" time="0.007" classname="com.TestNGAnnotations.ParameterisationTestCases"/>
</testsuite> <!-- com.TestNGAnnotations.ParameterisationTestCases -->
