<?xml version="1.0" encoding="UTF-8"?>
<!-- Generated by org.testng.reporters.JUnitReportReporter -->
<testsuite skipped="0" hostname="san3149591" name="com.TestNGAnnotations.GruopTestCases" tests="3" failures="0" timestamp="06 Apr 2019 11:25:47 GMT" time="0.009" errors="0">
  <testcase name="Test1" time="0.007" classname="com.TestNGAnnotations.GruopTestCases"/>
  <testcase name="Test2" time="0.001" classname="com.TestNGAnnotations.GruopTestCases"/>
  <testcase name="Test3" time="0.001" classname="com.TestNGAnnotations.GruopTestCases"/>
</testsuite> <!-- com.TestNGAnnotations.GruopTestCases -->
