<?xml version="1.0" encoding="UTF-8"?>
<!-- Generated by org.testng.reporters.JUnitReportReporter -->
<testsuite skipped="0" hostname="san3149591" name="com.TestNGAnnotations.DataProviderInTestNG" tests="2" failures="0" timestamp="06 Apr 2019 10:57:12 GMT" time="0.009" errors="0">
  <testcase name="Data" time="0.001" classname="com.TestNGAnnotations.DataProviderInTestNG"/>
  <testcase name="Data" time="0.008" classname="com.TestNGAnnotations.DataProviderInTestNG"/>
</testsuite> <!-- com.TestNGAnnotations.DataProviderInTestNG -->
