<?xml version="1.0" encoding="UTF-8"?>
<!-- Generated by org.testng.reporters.JUnitReportReporter -->
<testsuite skipped="1" hostname="san3149591" name="com.MoreSchenarios.IngnoreTestCases" tests="3" failures="0" timestamp="08 Apr 2019 10:02:41 GMT" time="0.013" errors="0">
  <testcase name="Test1" time="0.009" classname="com.MoreSchenarios.IngnoreTestCases"/>
  <testcase name="Test2" time="0.004" classname="com.MoreSchenarios.IngnoreTestCases"/>
  <testcase name="Test3" classname="com.MoreSchenarios.IngnoreTestCases">
    <skipped/>
  </testcase> <!-- Test3 -->
</testsuite> <!-- com.MoreSchenarios.IngnoreTestCases -->
