<?xml version="1.0" encoding="UTF-8"?>
<!-- Generated by org.testng.reporters.JUnitReportReporter -->
<testsuite skipped="0" hostname="san3149591" name="com.TestNGAnnotations.SequenceofExecution" tests="4" failures="0" timestamp="05 Apr 2019 05:11:21 GMT" time="0.016" errors="0">
  <testcase name="Test4" time="0.003" classname="com.TestNGAnnotations.SequenceofExecution"/>
  <testcase name="Test1" time="0.009" classname="com.TestNGAnnotations.SequenceofExecution"/>
  <testcase name="Test3" time="0.002" classname="com.TestNGAnnotations.SequenceofExecution"/>
  <testcase name="Test2" time="0.002" classname="com.TestNGAnnotations.SequenceofExecution"/>
</testsuite> <!-- com.TestNGAnnotations.SequenceofExecution -->
