<?xml version="1.0" encoding="UTF-8"?>
<!-- Generated by org.testng.reporters.JUnitReportReporter -->
<testsuite skipped="0" hostname="san3149591" name="com.TestNGAnnotations.multipleTestCasesWithoutAnnotation" tests="2" failures="0" timestamp="05 Apr 2019 11:26:15 GMT" time="0.009" errors="0">
  <testcase name="Test2" time="0.008" classname="com.TestNGAnnotations.multipleTestCasesWithoutAnnotation"/>
  <testcase name="Test4" time="0.001" classname="com.TestNGAnnotations.multipleTestCasesWithoutAnnotation"/>
</testsuite> <!-- com.TestNGAnnotations.multipleTestCasesWithoutAnnotation -->
