<?xml version="1.0" encoding="UTF-8"?>
<!-- Generated by org.testng.reporters.JUnitReportReporter -->
<testsuite skipped="1" hostname="san3149591" name="com.Listeners.ListenersClass" tests="5" failures="0" timestamp="06 Apr 2019 12:05:23 GMT" time="0.010" errors="0">
  <testcase name="test3" time="0.001" classname="com.Listeners.ListenersClass"/>
  <testcase name="test3" time="0.000" classname="com.Listeners.ListenersClass"/>
  <testcase name="test1" time="0.007" classname="com.Listeners.ListenersClass"/>
  <testcase name="test3" time="0.001" classname="com.Listeners.ListenersClass"/>
  <testcase name="test2" time="0.001" classname="com.Listeners.ListenersClass">
    <skipped/>
  </testcase> <!-- test2 -->
</testsuite> <!-- com.Listeners.ListenersClass -->
